<?xml version="1.0" encoding="UTF-8"?>
<!-- Generated by org.testng.reporters.JUnitXMLReporter -->
<testsuite hostname="LAPTOP-05LSM4AE" name="MrngReport" tests="10" failures="0" timestamp="9 Sep 2022 02:50:58 GMT" time="71.915" errors="0">
  <testcase name="cbanking" time="5.283" classname="sep6.FirstTestNGclass"/>
  <testcase name="ibanking" time="5.238" classname="sep6.FirstTestNGclass"/>
  <testcase name="pbanking" time="5.316" classname="sep6.FirstTestNGclass"/>
  <testcase name="addition" time="3.478" classname="sep7.SecondTestNGclass"/>
  <testcase name="addition" time="3.478" classname="sep7.SecondTestNGclass"/>
  <testcase name="addition" time="3.4" classname="sep7.SecondTestNGclass"/>
  <testcase name="branches" time="5.332" classname="sep7.ThirdTestNGclass"/>
  <testcase name="employees" time="5.322" classname="sep7.ThirdTestNGclass"/>
  <testcase name="roles" time="5.269" classname="sep7.ThirdTestNGclass"/>
  <testcase name="users" time="5.334" classname="sep7.ThirdTestNGclass"/>
</testsuite> <!-- MrngReport -->
